# JRE version: Java(TM) SE Runtime Environment (8.0_261-b12) (build 1.8.0_261-b12)
# Java VM: Java HotSpot(TM) 64-Bit Server VM (25.261-b12 mixed mode windows-amd64 compressed oops)
Heap:
 PSYoungGen      total 315392K, used 122632K [0x00000000ebd00000, 0x0000000100000000, 0x0000000100000000)
  eden space 300032K, 40% used [0x00000000ebd00000,0x00000000f34c21a8,0x00000000fe200000)
  from space 15360K, 0% used [0x00000000fe200000,0x00000000fe200000,0x00000000ff100000)
  to   space 15360K, 0% used [0x00000000ff100000,0x00000000ff100000,0x0000000100000000)
 ParOldGen       total 91648K, used 41200K [0x00000000c3600000, 0x00000000c8f80000, 0x00000000ebd00000)
  object space 91648K, 44% used [0x00000000c3600000,0x00000000c5e3c3f0,0x00000000c8f80000)
 Metaspace       used 63208K, capacity 66570K, committed 66904K, reserved 1105920K
  class space    used 8922K, capacity 9514K, committed 9600K, reserved 1048576K
GC Heap History (10 events):
Event: 18.074 GC heap before
{Heap before GC invocations=14 (full 1):
 PSYoungGen      total 266240K, used 92360K [0x00000000ebd00000, 0x00000000fd080000, 0x0000000100000000)
  eden space 257536K, 32% used [0x00000000ebd00000,0x00000000f0eb4980,0x00000000fb880000)
  from space 8704K, 99% used [0x00000000fc480000,0x00000000fccfda48,0x00000000fcd00000)
  to   space 12288K, 0% used [0x00000000fb880000,0x00000000fb880000,0x00000000fc480000)
 ParOldGen       total 34304K, used 20672K [0x00000000c3600000, 0x00000000c5780000, 0x00000000ebd00000)
  object space 34304K, 60% used [0x00000000c3600000,0x00000000c4a30338,0x00000000c5780000)
 Metaspace       used 33382K, capacity 35340K, committed 35456K, reserved 1079296K
  class space    used 4515K, capacity 4896K, committed 4992K, reserved 1048576K
Event: 18.124 GC heap after
Heap after GC invocations=14 (full 1):
 PSYoungGen      total 269824K, used 4757K [0x00000000ebd00000, 0x0000000100000000, 0x0000000100000000)
  eden space 257536K, 0% used [0x00000000ebd00000,0x00000000ebd00000,0x00000000fb880000)
  from space 12288K, 38% used [0x00000000fb880000,0x00000000fbd25720,0x00000000fc480000)
  to   space 11776K, 0% used [0x00000000ff480000,0x00000000ff480000,0x0000000100000000)
 ParOldGen       total 34304K, used 26896K [0x00000000c3600000, 0x00000000c5780000, 0x00000000ebd00000)
  object space 34304K, 78% used [0x00000000c3600000,0x00000000c50443f8,0x00000000c5780000)
 Metaspace       used 33382K, capacity 35340K, committed 35456K, reserved 1079296K
  class space    used 4515K, capacity 4896K, committed 4992K, reserved 1048576K
}
Event: 18.125 GC heap before
{Heap before GC invocations=15 (full 2):
 PSYoungGen      total 269824K, used 4757K [0x00000000ebd00000, 0x0000000100000000, 0x0000000100000000)
  eden space 257536K, 0% used [0x00000000ebd00000,0x00000000ebd00000,0x00000000fb880000)
  from space 12288K, 38% used [0x00000000fb880000,0x00000000fbd25720,0x00000000fc480000)
  to   space 11776K, 0% used [0x00000000ff480000,0x00000000ff480000,0x0000000100000000)
 ParOldGen       total 34304K, used 26896K [0x00000000c3600000, 0x00000000c5780000, 0x00000000ebd00000)
  object space 34304K, 78% used [0x00000000c3600000,0x00000000c50443f8,0x00000000c5780000)
 Metaspace       used 33382K, capacity 35340K, committed 35456K, reserved 1079296K
  class space    used 4515K, capacity 4896K, committed 4992K, reserved 1048576K
Event: 18.987 GC heap after
Heap after GC invocations=15 (full 2):
 PSYoungGen      total 269824K, used 0K [0x00000000ebd00000, 0x0000000100000000, 0x0000000100000000)
  eden space 257536K, 0% used [0x00000000ebd00000,0x00000000ebd00000,0x00000000fb880000)
  from space 12288K, 0% used [0x00000000fb880000,0x00000000fb880000,0x00000000fc480000)
  to   space 11776K, 0% used [0x00000000ff480000,0x00000000ff480000,0x0000000100000000)
 ParOldGen       total 58368K, used 20296K [0x00000000c3600000, 0x00000000c6f00000, 0x00000000ebd00000)
  object space 58368K, 34% used [0x00000000c3600000,0x00000000c49d22f8,0x00000000c6f00000)
 Metaspace       used 33382K, capacity 35340K, committed 35456K, reserved 1079296K
  class space    used 4515K, capacity 4896K, committed 4992K, reserved 1048576K
}
Event: 28.624 GC heap before
{Heap before GC invocations=16 (full 2):
 PSYoungGen      total 269824K, used 257536K [0x00000000ebd00000, 0x0000000100000000, 0x0000000100000000)
  eden space 257536K, 100% used [0x00000000ebd00000,0x00000000fb880000,0x00000000fb880000)
  from space 12288K, 0% used [0x00000000fb880000,0x00000000fb880000,0x00000000fc480000)
  to   space 11776K, 0% used [0x00000000ff480000,0x00000000ff480000,0x0000000100000000)
 ParOldGen       total 58368K, used 20296K [0x00000000c3600000, 0x00000000c6f00000, 0x00000000ebd00000)
  object space 58368K, 34% used [0x00000000c3600000,0x00000000c49d22f8,0x00000000c6f00000)
 Metaspace       used 45221K, capacity 47790K, committed 48000K, reserved 1091584K
  class space    used 6286K, capacity 6751K, committed 6784K, reserved 1048576K
Event: 28.877 GC heap after
Heap after GC invocations=16 (full 2):
 PSYoungGen      total 311808K, used 11760K [0x00000000ebd00000, 0x0000000100000000, 0x0000000100000000)
  eden space 300032K, 0% used [0x00000000ebd00000,0x00000000ebd00000,0x00000000fe200000)
  from space 11776K, 99% used [0x00000000ff480000,0x00000000ffffc0e8,0x0000000100000000)
  to   space 15360K, 0% used [0x00000000fe200000,0x00000000fe200000,0x00000000ff100000)
 ParOldGen       total 58368K, used 25206K [0x00000000c3600000, 0x00000000c6f00000, 0x00000000ebd00000)
  object space 58368K, 43% used [0x00000000c3600000,0x00000000c4e9d8f0,0x00000000c6f00000)
 Metaspace       used 45221K, capacity 47790K, committed 48000K, reserved 1091584K
  class space    used 6286K, capacity 6751K, committed 6784K, reserved 1048576K
}
Event: 35.752 GC heap before
{Heap before GC invocations=17 (full 2):
 PSYoungGen      total 311808K, used 208091K [0x00000000ebd00000, 0x0000000100000000, 0x0000000100000000)
  eden space 300032K, 65% used [0x00000000ebd00000,0x00000000f7cbacf0,0x00000000fe200000)
  from space 11776K, 99% used [0x00000000ff480000,0x00000000ffffc0e8,0x0000000100000000)
  to   space 15360K, 0% used [0x00000000fe200000,0x00000000fe200000,0x00000000ff100000)
 ParOldGen       total 58368K, used 25206K [0x00000000c3600000, 0x00000000c6f00000, 0x00000000ebd00000)
  object space 58368K, 43% used [0x00000000c3600000,0x00000000c4e9d8f0,0x00000000c6f00000)
 Metaspace       used 56003K, capacity 59022K, committed 59096K, reserved 1099776K
  class space    used 7850K, capacity 8376K, committed 8448K, reserved 1048576K
Event: 36.304 GC heap after
Heap after GC invocations=17 (full 2):
 PSYoungGen      total 315392K, used 15358K [0x00000000ebd00000, 0x0000000100000000, 0x0000000100000000)
  eden space 300032K, 0% used [0x00000000ebd00000,0x00000000ebd00000,0x00000000fe200000)
  from space 15360K, 99% used [0x00000000fe200000,0x00000000ff0ff828,0x00000000ff100000)
  to   space 15360K, 0% used [0x00000000ff100000,0x00000000ff100000,0x0000000100000000)
 ParOldGen       total 58368K, used 33103K [0x00000000c3600000, 0x00000000c6f00000, 0x00000000ebd00000)
  object space 58368K, 56% used [0x00000000c3600000,0x00000000c5653cc0,0x00000000c6f00000)
 Metaspace       used 56003K, capacity 59022K, committed 59096K, reserved 1099776K
  class space    used 7850K, capacity 8376K, committed 8448K, reserved 1048576K
}
Event: 36.304 GC heap before
{Heap before GC invocations=18 (full 3):
 PSYoungGen      total 315392K, used 15358K [0x00000000ebd00000, 0x0000000100000000, 0x0000000100000000)
  eden space 300032K, 0% used [0x00000000ebd00000,0x00000000ebd00000,0x00000000fe200000)
  from space 15360K, 99% used [0x00000000fe200000,0x00000000ff0ff828,0x00000000ff100000)
  to   space 15360K, 0% used [0x00000000ff100000,0x00000000ff100000,0x0000000100000000)
 ParOldGen       total 58368K, used 33103K [0x00000000c3600000, 0x00000000c6f00000, 0x00000000ebd00000)
  object space 58368K, 56% used [0x00000000c3600000,0x00000000c5653cc0,0x00000000c6f00000)
 Metaspace       used 56003K, capacity 59022K, committed 59096K, reserved 1099776K
  class space    used 7850K, capacity 8376K, committed 8448K, reserved 1048576K
Event: 37.314 GC heap after
Heap after GC invocations=18 (full 3):
 PSYoungGen      total 315392K, used 0K [0x00000000ebd00000, 0x0000000100000000, 0x0000000100000000)
  eden space 300032K, 0% used [0x00000000ebd00000,0x00000000ebd00000,0x00000000fe200000)
  from space 15360K, 0% used [0x00000000fe200000,0x00000000fe200000,0x00000000ff100000)
  to   space 15360K, 0% used [0x00000000ff100000,0x00000000ff100000,0x0000000100000000)
 ParOldGen       total 91648K, used 41200K [0x00000000c3600000, 0x00000000c8f80000, 0x00000000ebd00000)
  object space 91648K, 44% used [0x00000000c3600000,0x00000000c5e3c3f0,0x00000000c8f80000)
 Metaspace       used 56003K, capacity 59022K, committed 59096K, reserved 1099776K
  class space    used 7850K, capacity 8376K, committed 8448K, reserved 1048576K
}

