# JRE version: Java(TM) SE Runtime Environment (8.0_261-b12) (build 1.8.0_261-b12)
# Java VM: Java HotSpot(TM) 64-Bit Server VM (25.261-b12 mixed mode windows-amd64 compressed oops)
Heap:
 PSYoungGen      total 291840K, used 16893K [0x00000000ebd00000, 0x00000000ff080000, 0x0000000100000000)
  eden space 275968K, 6% used [0x00000000ebd00000,0x00000000ecd7f668,0x00000000fca80000)
  from space 15872K, 0% used [0x00000000fd180000,0x00000000fd180000,0x00000000fe100000)
  to   space 11264K, 0% used [0x00000000fe580000,0x00000000fe580000,0x00000000ff080000)
 ParOldGen       total 46592K, used 36031K [0x00000000c3600000, 0x00000000c6380000, 0x00000000ebd00000)
  object space 46592K, 77% used [0x00000000c3600000,0x00000000c592ff30,0x00000000c6380000)
 Metaspace       used 55712K, capacity 59245K, committed 59412K, reserved 1099776K
  class space    used 7906K, capacity 8515K, committed 8576K, reserved 1048576K
GC Heap History (10 events):
Event: 16.016 GC heap before
{Heap before GC invocations=12 (full 1):
 PSYoungGen      total 200192K, used 164786K [0x00000000ebd00000, 0x00000000f8f80000, 0x0000000100000000)
  eden space 190976K, 81% used [0x00000000ebd00000,0x00000000f54f28c8,0x00000000f7780000)
  from space 9216K, 99% used [0x00000000f8300000,0x00000000f8bfa2f0,0x00000000f8c00000)
  to   space 11776K, 0% used [0x00000000f7780000,0x00000000f7780000,0x00000000f8300000)
 ParOldGen       total 29184K, used 12196K [0x00000000c3600000, 0x00000000c5280000, 0x00000000ebd00000)
  object space 29184K, 41% used [0x00000000c3600000,0x00000000c41e9188,0x00000000c5280000)
 Metaspace       used 33016K, capacity 35229K, committed 35416K, reserved 1079296K
  class space    used 4561K, capacity 4992K, committed 4992K, reserved 1048576K
Event: 16.067 GC heap after
Heap after GC invocations=12 (full 1):
 PSYoungGen      total 202752K, used 5748K [0x00000000ebd00000, 0x00000000ff080000, 0x0000000100000000)
  eden space 190976K, 0% used [0x00000000ebd00000,0x00000000ebd00000,0x00000000f7780000)
  from space 11776K, 48% used [0x00000000f7780000,0x00000000f7d1d280,0x00000000f8300000)
  to   space 11264K, 0% used [0x00000000fe580000,0x00000000fe580000,0x00000000ff080000)
 ParOldGen       total 29184K, used 19201K [0x00000000c3600000, 0x00000000c5280000, 0x00000000ebd00000)
  object space 29184K, 65% used [0x00000000c3600000,0x00000000c48c07b8,0x00000000c5280000)
 Metaspace       used 33016K, capacity 35229K, committed 35416K, reserved 1079296K
  class space    used 4561K, capacity 4992K, committed 4992K, reserved 1048576K
}
Event: 16.067 GC heap before
{Heap before GC invocations=13 (full 2):
 PSYoungGen      total 202752K, used 5748K [0x00000000ebd00000, 0x00000000ff080000, 0x0000000100000000)
  eden space 190976K, 0% used [0x00000000ebd00000,0x00000000ebd00000,0x00000000f7780000)
  from space 11776K, 48% used [0x00000000f7780000,0x00000000f7d1d280,0x00000000f8300000)
  to   space 11264K, 0% used [0x00000000fe580000,0x00000000fe580000,0x00000000ff080000)
 ParOldGen       total 29184K, used 19201K [0x00000000c3600000, 0x00000000c5280000, 0x00000000ebd00000)
  object space 29184K, 65% used [0x00000000c3600000,0x00000000c48c07b8,0x00000000c5280000)
 Metaspace       used 33016K, capacity 35229K, committed 35416K, reserved 1079296K
  class space    used 4561K, capacity 4992K, committed 4992K, reserved 1048576K
Event: 16.182 GC heap after
Heap after GC invocations=13 (full 2):
 PSYoungGen      total 202752K, used 0K [0x00000000ebd00000, 0x00000000ff080000, 0x0000000100000000)
  eden space 190976K, 0% used [0x00000000ebd00000,0x00000000ebd00000,0x00000000f7780000)
  from space 11776K, 0% used [0x00000000f7780000,0x00000000f7780000,0x00000000f8300000)
  to   space 11264K, 0% used [0x00000000fe580000,0x00000000fe580000,0x00000000ff080000)
 ParOldGen       total 46592K, used 17783K [0x00000000c3600000, 0x00000000c6380000, 0x00000000ebd00000)
  object space 46592K, 38% used [0x00000000c3600000,0x00000000c475ddb0,0x00000000c6380000)
 Metaspace       used 33016K, capacity 35229K, committed 35416K, reserved 1079296K
  class space    used 4561K, capacity 4992K, committed 4992K, reserved 1048576K
}
Event: 21.783 GC heap before
{Heap before GC invocations=14 (full 2):
 PSYoungGen      total 202752K, used 190976K [0x00000000ebd00000, 0x00000000ff080000, 0x0000000100000000)
  eden space 190976K, 100% used [0x00000000ebd00000,0x00000000f7780000,0x00000000f7780000)
  from space 11776K, 0% used [0x00000000f7780000,0x00000000f7780000,0x00000000f8300000)
  to   space 11264K, 0% used [0x00000000fe580000,0x00000000fe580000,0x00000000ff080000)
 ParOldGen       total 46592K, used 17783K [0x00000000c3600000, 0x00000000c6380000, 0x00000000ebd00000)
  object space 46592K, 38% used [0x00000000c3600000,0x00000000c475ddb0,0x00000000c6380000)
 Metaspace       used 47445K, capacity 49949K, committed 50136K, reserved 1091584K
  class space    used 6659K, capacity 7113K, committed 7168K, reserved 1048576K
Event: 21.902 GC heap after
Heap after GC invocations=14 (full 2):
 PSYoungGen      total 287232K, used 11255K [0x00000000ebd00000, 0x00000000ff080000, 0x0000000100000000)
  eden space 275968K, 0% used [0x00000000ebd00000,0x00000000ebd00000,0x00000000fca80000)
  from space 11264K, 99% used [0x00000000fe580000,0x00000000ff07df28,0x00000000ff080000)
  to   space 15872K, 0% used [0x00000000fd180000,0x00000000fd180000,0x00000000fe100000)
 ParOldGen       total 46592K, used 25993K [0x00000000c3600000, 0x00000000c6380000, 0x00000000ebd00000)
  object space 46592K, 55% used [0x00000000c3600000,0x00000000c4f62680,0x00000000c6380000)
 Metaspace       used 47445K, capacity 49949K, committed 50136K, reserved 1091584K
  class space    used 6659K, capacity 7113K, committed 7168K, reserved 1048576K
}
Event: 30.332 GC heap before
{Heap before GC invocations=15 (full 2):
 PSYoungGen      total 287232K, used 151592K [0x00000000ebd00000, 0x00000000ff080000, 0x0000000100000000)
  eden space 275968K, 50% used [0x00000000ebd00000,0x00000000f460c388,0x00000000fca80000)
  from space 11264K, 99% used [0x00000000fe580000,0x00000000ff07df28,0x00000000ff080000)
  to   space 15872K, 0% used [0x00000000fd180000,0x00000000fd180000,0x00000000fe100000)
 ParOldGen       total 46592K, used 25993K [0x00000000c3600000, 0x00000000c6380000, 0x00000000ebd00000)
  object space 46592K, 55% used [0x00000000c3600000,0x00000000c4f62680,0x00000000c6380000)
 Metaspace       used 55488K, capacity 58925K, committed 59028K, reserved 1099776K
  class space    used 7836K, capacity 8437K, committed 8448K, reserved 1048576K
Event: 30.469 GC heap after
Heap after GC invocations=15 (full 2):
 PSYoungGen      total 291840K, used 12256K [0x00000000ebd00000, 0x00000000ff080000, 0x0000000100000000)
  eden space 275968K, 0% used [0x00000000ebd00000,0x00000000ebd00000,0x00000000fca80000)
  from space 15872K, 77% used [0x00000000fd180000,0x00000000fdd781b8,0x00000000fe100000)
  to   space 11264K, 0% used [0x00000000fe580000,0x00000000fe580000,0x00000000ff080000)
 ParOldGen       total 46592K, used 34654K [0x00000000c3600000, 0x00000000c6380000, 0x00000000ebd00000)
  object space 46592K, 74% used [0x00000000c3600000,0x00000000c57d79e8,0x00000000c6380000)
 Metaspace       used 55488K, capacity 58925K, committed 59028K, reserved 1099776K
  class space    used 7836K, capacity 8437K, committed 8448K, reserved 1048576K
}
Event: 30.469 GC heap before
{Heap before GC invocations=16 (full 3):
 PSYoungGen      total 291840K, used 12256K [0x00000000ebd00000, 0x00000000ff080000, 0x0000000100000000)
  eden space 275968K, 0% used [0x00000000ebd00000,0x00000000ebd00000,0x00000000fca80000)
  from space 15872K, 77% used [0x00000000fd180000,0x00000000fdd781b8,0x00000000fe100000)
  to   space 11264K, 0% used [0x00000000fe580000,0x00000000fe580000,0x00000000ff080000)
 ParOldGen       total 46592K, used 34654K [0x00000000c3600000, 0x00000000c6380000, 0x00000000ebd00000)
  object space 46592K, 74% used [0x00000000c3600000,0x00000000c57d79e8,0x00000000c6380000)
 Metaspace       used 55488K, capacity 58925K, committed 59028K, reserved 1099776K
  class space    used 7836K, capacity 8437K, committed 8448K, reserved 1048576K
Event: 32.087 GC heap after
Heap after GC invocations=16 (full 3):
 PSYoungGen      total 291840K, used 0K [0x00000000ebd00000, 0x00000000ff080000, 0x0000000100000000)
  eden space 275968K, 0% used [0x00000000ebd00000,0x00000000ebd00000,0x00000000fca80000)
  from space 15872K, 0% used [0x00000000fd180000,0x00000000fd180000,0x00000000fe100000)
  to   space 11264K, 0% used [0x00000000fe580000,0x00000000fe580000,0x00000000ff080000)
 ParOldGen       total 46592K, used 36031K [0x00000000c3600000, 0x00000000c6380000, 0x00000000ebd00000)
  object space 46592K, 77% used [0x00000000c3600000,0x00000000c592ff30,0x00000000c6380000)
 Metaspace       used 55488K, capacity 58925K, committed 59028K, reserved 1099776K
  class space    used 7836K, capacity 8437K, committed 8448K, reserved 1048576K
}

